[0m[[0m[0mdebug[0m] [0m[0mRunning TaskDef(com.example.cinemaworld.AppDatabaseTests, org.scalatest.tools.Framework$$anon$1@6c79e5a2, false, [SuiteSelector])[0m
[0m[[0m[0minfo[0m] [0m[0m[32mAppDatabaseTests:[0m[0m
[0m[[0m[0minfo[0m] [0m[0m[32m- Add a movie and verify it is added[0m[0m
[0m[[0m[0minfo[0m] [0m[0m[32m- Add a showtime for an existing movie and verify[0m[0m
[0m[[0m[0minfo[0m] [0m[0m[32m- Add a reservation for an existing showtime and verify[0m[0m
[0m[[0m[0minfo[0m] [0m[0m[32m- Attempt to add a showtime for a non-existent movie[0m[0m
[0m[[0m[0minfo[0m] [0m[0m[32m- Verify cancellation of a reservation applies penalty if within 24 hours[0m[0m
[0m[[0m[0minfo[0m] [0m[0m[32m- Add multiple movies and verify they are added[0m[0m
[0m[[0m[0minfo[0m] [0m[0m[32m- Verify capacity limitations when adding reservations[0m[0m
[0m[[0m[0minfo[0m] [0m[0m[32m- Attempt to add a showtime with invalid movie ID and verify failure[0m[0m
[0m[[0m[0minfo[0m] [0m[0m[32m- Verify correct penalty application for late cancellation[0m[0m
[0m[[0m[0minfo[0m] [0m[0m[32m- Ensure multiple reservations do not exceed showtime capacity[0m[0m
[0m[[0m[0minfo[0m] [0m[0m[32m- Add 20 movies and verify they are added[0m[0m
[0m[[0m[0minfo[0m] [0m[0m[32m- Add 20 showtimes for a single movie and verify they are added[0m[0m
[0m[[0m[0minfo[0m] [0m[0m[31m- Attempt to add reservations for past showtimes and verify failure *** FAILED ***[0m[0m
[0m[[0m[0minfo[0m] [0m[0m[31m  scala.concurrent.Future$$anon$3: Future.failed not completed with a throwable.[0m[0m
[0m[[0m[0minfo[0m] [0m[0m[31m  ...[0m[0m
[0m[[0m[0minfo[0m] [0m[0m[32m- Ensure multiple reservations by the same customer do not exceed showtime capacity[0m[0m
[0m[[0m[0minfo[0m] [0m[0m[32m- Add 20 reservations for different customers and verify they are processed correctly[0m[0m
[0m[[0m[0minfo[0m] [0m[0m[36mRun completed in 8 seconds, 610 milliseconds.[0m[0m
[0m[[0m[0minfo[0m] [0m[0m[36mTotal number of tests run: 15[0m[0m
[0m[[0m[0minfo[0m] [0m[0m[36mSuites: completed 1, aborted 0[0m[0m
[0m[[0m[0minfo[0m] [0m[0m[36mTests: succeeded 14, failed 1, canceled 0, ignored 0, pending 0[0m[0m
[0m[[0m[0minfo[0m] [0m[0m[31m*** 1 TEST FAILED ***[0m[0m
[0m[[0m[31merror[0m] [0m[0mFailed tests:[0m
[0m[[0m[31merror[0m] [0m[0m	com.example.cinemaworld.AppDatabaseTests[0m
[0m[[0m[31merror[0m] [0m[0m(Test / [31mtest[0m) sbt.TestsFailedException: Tests unsuccessful[0m
