<?xml version='1.0' encoding='UTF-8'?>
<testsuite hostname="DESKTOP-7UDDDVC" name="com.example.cinemaworld.AppDatabaseTests" tests="14" errors="0" failures="0" skipped="0" time="5.33" timestamp="2024-03-03T23:27:51">
          <properties>
[...]
</properties>
          <testcase classname="com.example.cinemaworld.AppDatabaseTests" name="Add a movie and verify it is added" time="0.652">
                      
                    </testcase><testcase classname="com.example.cinemaworld.AppDatabaseTests" name="Add a showtime for an existing movie and verify" time="0.298">
                      
                    </testcase><testcase classname="com.example.cinemaworld.AppDatabaseTests" name="Add a reservation for an existing showtime and verify" time="0.367">
                      
                    </testcase><testcase classname="com.example.cinemaworld.AppDatabaseTests" name="Attempt to add a showtime for a non-existent movie" time="0.128">
                      
                    </testcase><testcase classname="com.example.cinemaworld.AppDatabaseTests" name="Verify cancellation of a reservation applies penalty if within 24 hours" time="0.392">
                      
                    </testcase><testcase classname="com.example.cinemaworld.AppDatabaseTests" name="Add multiple movies and verify they are added" time="0.228">
                      
                    </testcase><testcase classname="com.example.cinemaworld.AppDatabaseTests" name="Verify capacity limitations when adding reservations" time="0.415">
                      
                    </testcase><testcase classname="com.example.cinemaworld.AppDatabaseTests" name="Attempt to add a showtime with invalid movie ID and verify failure" time="0.11">
                      
                    </testcase><testcase classname="com.example.cinemaworld.AppDatabaseTests" name="Verify correct penalty application for late cancellation" time="0.343">
                      
                    </testcase><testcase classname="com.example.cinemaworld.AppDatabaseTests" name="Ensure multiple reservations do not exceed showtime capacity" time="0.359">
                      
                    </testcase><testcase classname="com.example.cinemaworld.AppDatabaseTests" name="Add 20 movies and verify they are added" time="0.675">
                      
                    </testcase><testcase classname="com.example.cinemaworld.AppDatabaseTests" name="Add 20 showtimes for a single movie and verify they are added" time="0.66">
                      
                    </testcase><testcase classname="com.example.cinemaworld.AppDatabaseTests" name="Ensure multiple reservations by the same customer do not exceed showtime capacity" time="0.269">
                      
                    </testcase><testcase classname="com.example.cinemaworld.AppDatabaseTests" name="Add 20 reservations for different customers and verify they are processed correctly" time="0.434">
                      
                    </testcase>
          <system-out><![CDATA[]]></system-out>
          <system-err><![CDATA[]]></system-err>
        </testsuite>